<?xml version="1.0" encoding="UTF-8"?>
<!-- Generated by org.testng.reporters.JUnitReportReporter -->
<testsuite hostname="user-PC" name="testcase.LoginPageTest" tests="1" failures="0" timestamp="18 Jan 2021 02:59:32 GMT" time="24.614" errors="0">
  <testcase name="loginTest" time="24.614" classname="testcase.LoginPageTest"/>
</testsuite> <!-- testcase.LoginPageTest -->
