<?xml version="1.0" encoding="UTF-8"?>
<!-- Generated by org.testng.reporters.JUnitReportReporter -->
<testsuite hostname="user-PC" name="testcase.RegistrationTest" tests="1" failures="0" timestamp="18 Jan 2021 02:50:54 GMT" time="25.228" errors="0">
  <testcase name="RegisterTest" time="25.228" classname="testcase.RegistrationTest"/>
</testsuite> <!-- testcase.RegistrationTest -->
